2025.12.03 21:23:57 INFO  Started: Metals version 1.6.4 in folders '/Users/jakebarnes/Workspace/other-projects/advent-of-code-2025/scala' for client Visual Studio Code 1.105.1.
2025.12.03 21:23:57 WARN  Using H2 2.4.240 which is newer than the version Flyway has been verified with. The latest verified version of H2 is 2.3.232.
2025.12.03 21:23:57 INFO  no build target found for /Users/jakebarnes/Workspace/other-projects/advent-of-code-2025/scala/src/main/scala/daythree/main.scala. Using presentation compiler with project's scala-library version: 3.3.6
Dec 03, 2025 9:23:59 PM org.eclipse.lsp4j.jsonrpc.RemoteEndpoint handleCancellation
WARNING: Unmatched cancel notification for request id 1
2025.12.03 21:24:04 INFO  running '/Users/jakebarnes/.sdkman/candidates/sbt/current/bin/sbt -Dbloop.export-jar-classifiers=sources bloopInstall'
2025.12.03 21:24:04 ERROR [info] [launcher] getting org.scala-sbt sbt 1.11.7  (this may take some time)...
2025.12.03 21:24:04 INFO  no build target found for /Users/jakebarnes/Workspace/other-projects/advent-of-code-2025/scala/project/metals.sbt. Using presentation compiler with project's scala-library version: 3.3.6
2025.12.03 21:24:04 WARN  no build target for: /Users/jakebarnes/Workspace/other-projects/advent-of-code-2025/scala/project/metals.sbt
2025.12.03 21:24:04 WARN  no build target for: /Users/jakebarnes/Workspace/other-projects/advent-of-code-2025/scala/project/project/metals.sbt
2025.12.03 21:24:05 INFO  no build target found for /Users/jakebarnes/Workspace/other-projects/advent-of-code-2025/scala/project/project/metals.sbt. Using presentation compiler with project's scala-library version: 3.3.6
2025.12.03 21:24:06 WARN  no build target for: /Users/jakebarnes/Workspace/other-projects/advent-of-code-2025/scala/src/main/scala/daythree/main.scala
2025.12.03 21:24:06 INFO  no build target found for /Users/jakebarnes/Workspace/other-projects/advent-of-code-2025/scala/src/main/scala/daythree/main.scala. Using presentation compiler with project's scala-library version: 3.3.6
2025.12.03 21:24:06 INFO  no build target found for /Users/jakebarnes/Workspace/other-projects/advent-of-code-2025/scala/src/main/scala/daythree/main.scala. Using presentation compiler with project's scala-library version: 3.3.6
2025.12.03 21:24:06 INFO  no build target found for /Users/jakebarnes/Workspace/other-projects/advent-of-code-2025/scala/src/main/scala/daythree/main.scala. Using presentation compiler with project's scala-library version: 3.3.6
2025.12.03 21:24:07 INFO  [info] welcome to sbt 1.11.7 (Eclipse Adoptium Java 21.0.5)
2025.12.03 21:24:07 INFO  [info] loading settings for project scala-build-build from metals.sbt...
2025.12.03 21:24:08 INFO  no build target found for /Users/jakebarnes/Workspace/other-projects/advent-of-code-2025/scala/src/main/scala/daythree/main.scala. Using presentation compiler with project's scala-library version: 3.3.6
2025.12.03 21:24:08 INFO  no build target found for /Users/jakebarnes/Workspace/other-projects/advent-of-code-2025/scala/src/main/scala/daythree/main.scala. Using presentation compiler with project's scala-library version: 3.3.6
2025.12.03 21:24:07 INFO  [info] loading project definition from /Users/jakebarnes/Workspace/other-projects/advent-of-code-2025/scala/project/project
2025.12.03 21:24:08 INFO  no build target found for /Users/jakebarnes/Workspace/other-projects/advent-of-code-2025/scala/src/main/scala/daythree/main.scala. Using presentation compiler with project's scala-library version: 3.3.6
2025.12.03 21:24:08 INFO  no build target found for /Users/jakebarnes/Workspace/other-projects/advent-of-code-2025/scala/src/main/scala/daythree/main.scala. Using presentation compiler with project's scala-library version: 3.3.6
2025.12.03 21:24:08 INFO  no build target found for /Users/jakebarnes/Workspace/other-projects/advent-of-code-2025/scala/src/main/scala/daythree/main.scala. Using presentation compiler with project's scala-library version: 3.3.6
2025.12.03 21:24:09 INFO  [info] loading settings for project scala-build from metals.sbt...
2025.12.03 21:24:09 INFO  no build target found for /Users/jakebarnes/Workspace/other-projects/advent-of-code-2025/scala/src/main/scala/daythree/main.scala. Using presentation compiler with project's scala-library version: 3.3.6
2025.12.03 21:24:09 INFO  [info] loading project definition from /Users/jakebarnes/Workspace/other-projects/advent-of-code-2025/scala/project
2025.12.03 21:24:09 INFO  no build target found for /Users/jakebarnes/Workspace/other-projects/advent-of-code-2025/scala/src/main/scala/daythree/main.scala. Using presentation compiler with project's scala-library version: 3.3.6
2025.12.03 21:24:09 INFO  no build target found for /Users/jakebarnes/Workspace/other-projects/advent-of-code-2025/scala/src/main/scala/daythree/main.scala. Using presentation compiler with project's scala-library version: 3.3.6
2025.12.03 21:24:10 INFO  [success] Generated .bloop/scala-build.json
2025.12.03 21:24:10 INFO  [success] Total time: 1 s, completed 3 Dec 2025, 21:24:10
2025.12.03 21:24:10 INFO  [info] loading settings for project root from build.sbt...
2025.12.03 21:24:10 INFO  [info] set current project to advent-of-code-2025 (in build file:/Users/jakebarnes/Workspace/other-projects/advent-of-code-2025/scala/)
2025.12.03 21:24:12 INFO  [success] Generated .bloop/root-test.json
2025.12.03 21:24:12 INFO  [success] Generated .bloop/root.json
2025.12.03 21:24:12 INFO  [success] Total time: 1 s, completed 3 Dec 2025, 21:24:12
2025.12.03 21:24:12 INFO  time: ran 'sbt bloopInstall' in 7.69s
2025.12.03 21:24:12 INFO  Attempting to connect to the build server...
2025.12.03 21:24:12 INFO  Found a Bloop server running
2025.12.03 21:24:12 INFO  tracing is disabled for protocol BSP, to enable tracing of incoming and outgoing JSON messages create an empty file at /Users/jakebarnes/Workspace/other-projects/advent-of-code-2025/scala/.metals/bsp.trace.json or /Users/jakebarnes/Library/Caches/org.scalameta.metals/bsp.trace.json
2025.12.03 21:24:12 INFO  Attempting to connect to the build server...
2025.12.03 21:24:12 INFO  Found a Bloop server running
2025.12.03 21:24:12 INFO  tracing is disabled for protocol BSP, to enable tracing of incoming and outgoing JSON messages create an empty file at /Users/jakebarnes/Workspace/other-projects/advent-of-code-2025/scala/project/.metals/bsp.trace.json or /Users/jakebarnes/Library/Caches/org.scalameta.metals/bsp.trace.json
2025.12.03 21:24:12 INFO  time: Connected to build server in 1.11s
2025.12.03 21:24:12 INFO  Connected to Build server: Bloop v2.0.5
2025.12.03 21:24:15 WARN  Using H2 2.4.240 which is newer than the version Flyway has been verified with. The latest verified version of H2 is 2.3.232.
2025.12.03 21:24:22 INFO  time: indexed workspace in 9.07s
2025.12.03 21:24:22 INFO  compiling root (8 scala sources)
2025.12.03 21:24:24 INFO  time: compiled root in 1.82s
2025.12.03 21:24:29 INFO  Disconnecting from Bloop session...
2025.12.03 21:24:29 INFO  Shut down connection with build server.
2025.12.03 21:24:29 INFO  Shut down connection with build server.
2025.12.03 21:24:29 INFO  Attempting to connect to the build server...
2025.12.03 21:24:29 INFO  No running Bloop server found, starting one.
2025.12.03 21:24:31 INFO  Starting compilation server
2025.12.03 21:24:33 INFO  tracing is disabled for protocol BSP, to enable tracing of incoming and outgoing JSON messages create an empty file at /Users/jakebarnes/Workspace/other-projects/advent-of-code-2025/scala/.metals/bsp.trace.json or /Users/jakebarnes/Library/Caches/org.scalameta.metals/bsp.trace.json
2025.12.03 21:24:34 INFO  Attempting to connect to the build server...
2025.12.03 21:24:34 INFO  Found a Bloop server running
2025.12.03 21:24:34 INFO  tracing is disabled for protocol BSP, to enable tracing of incoming and outgoing JSON messages create an empty file at /Users/jakebarnes/Workspace/other-projects/advent-of-code-2025/scala/project/.metals/bsp.trace.json or /Users/jakebarnes/Library/Caches/org.scalameta.metals/bsp.trace.json
2025.12.03 21:24:34 INFO  time: Connected to build server in 4.97s
2025.12.03 21:24:34 INFO  Connected to Build server: Bloop v2.0.17
2025.12.03 21:24:34 INFO  time: Imported build in 0.21s
2025.12.03 21:24:37 INFO  time: indexed workspace in 2.84s
2025.12.03 21:24:38 INFO  compiling root (8 scala sources)
2025.12.03 21:24:44 INFO  time: compiled root in 5.62s
Dec 03, 2025 9:24:49 PM org.eclipse.lsp4j.jsonrpc.services.GenericEndpoint notify
INFO: Unsupported notification method: $/setTrace
Dec 03, 2025 9:24:49 PM org.eclipse.lsp4j.jsonrpc.services.GenericEndpoint notify
INFO: Unsupported notification method: $/setTrace
Dec 03, 2025 9:24:49 PM org.eclipse.lsp4j.jsonrpc.services.GenericEndpoint notify
INFO: Unsupported notification method: $/setTrace
2025.12.03 21:30:23 INFO  compiling root (1 scala source)
2025.12.03 21:30:23 INFO  time: compiled root in 0.17s
2025.12.03 21:30:23 INFO  compiling root (1 scala source)
2025.12.03 21:30:23 INFO  time: compiled root in 0.13s
2025.12.03 21:35:33 INFO  compiling root (1 scala source)
2025.12.03 21:35:33 INFO  time: compiled root in 0.23s
2025.12.03 21:36:17 INFO  compiling root (1 scala source)
2025.12.03 21:36:17 INFO  time: compiled root in 0.19s
2025.12.03 21:38:38 INFO  compiling root (1 scala source)
2025.12.03 21:38:38 INFO  time: compiled root in 0.25s
2025.12.03 21:38:54 INFO  compiling root (1 scala source)
2025.12.03 21:38:54 INFO  time: compiled root in 0.17s
2025.12.03 21:41:09 INFO  compiling root (1 scala source)
2025.12.03 21:41:09 INFO  time: compiled root in 0.17s
Dec 03, 2025 9:42:08 PM org.eclipse.lsp4j.jsonrpc.RemoteEndpoint handleCancellation
WARNING: Unmatched cancel notification for request id 3311
2025.12.03 21:43:24 INFO  compiling root (1 scala source)
2025.12.03 21:43:24 INFO  time: compiled root in 0.17s
2025.12.03 21:43:43 INFO  compiling root (1 scala source)
2025.12.03 21:43:43 INFO  time: compiled root in 0.14s
Dec 03, 2025 9:44:40 PM org.eclipse.lsp4j.jsonrpc.RemoteEndpoint handleCancellation
WARNING: Unmatched cancel notification for request id 3925
2025.12.03 21:46:18 INFO  compiling root (1 scala source)
2025.12.03 21:46:18 INFO  time: compiled root in 92ms
2025.12.03 21:46:24 INFO  compiling root (1 scala source)
2025.12.03 21:46:24 INFO  time: compiled root in 0.16s
2025.12.03 21:48:15 INFO  compiling root (1 scala source)
2025.12.03 21:48:15 INFO  time: compiled root in 0.17s
2025.12.03 21:50:18 INFO  compiling root (1 scala source)
2025.12.03 21:50:18 INFO  time: compiled root in 0.16s
Dec 04, 2025 8:55:15 PM org.eclipse.lsp4j.jsonrpc.RemoteEndpoint handleCancellation
WARNING: Unmatched cancel notification for request id 5048
2025.12.04 20:57:18 INFO  compiling root (1 scala source)
2025.12.04 20:57:18 INFO  time: compiled root in 0.51s
2025.12.04 20:58:02 INFO  compiling root (1 scala source)
2025.12.04 20:58:02 INFO  time: compiled root in 0.2s
2025.12.04 20:58:53 INFO  compiling root (1 scala source)
2025.12.04 20:58:53 INFO  time: compiled root in 0.27s
Downloading https://repo1.maven.org/maven2/org/scala-lang/scala-reflect/2.13.17/scala-reflect-2.13.17.pom
Downloading https://repo1.maven.org/maven2/org/scalameta/scalafmt-core_2.13/3.10.0/scalafmt-core_2.13-3.10.0.pom
Downloaded https://repo1.maven.org/maven2/org/scalameta/scalafmt-core_2.13/3.10.0/scalafmt-core_2.13-3.10.0.pom
Downloaded https://repo1.maven.org/maven2/org/scala-lang/scala-reflect/2.13.17/scala-reflect-2.13.17.pom
Downloading https://repo1.maven.org/maven2/org/scalameta/scalafmt-macros_2.13/3.10.0/scalafmt-macros_2.13-3.10.0.pom
Downloading https://repo1.maven.org/maven2/org/scalameta/mdoc-parser_2.13/2.8.0/mdoc-parser_2.13-2.8.0.pom
Downloading https://repo1.maven.org/maven2/org/scalameta/scalafmt-config_2.13/3.10.0/scalafmt-config_2.13-3.10.0.pom
Downloading https://repo1.maven.org/maven2/org/scala-lang/scala-library/2.13.17/scala-library-2.13.17.pom
Downloaded https://repo1.maven.org/maven2/org/scalameta/scalafmt-macros_2.13/3.10.0/scalafmt-macros_2.13-3.10.0.pom
Downloaded https://repo1.maven.org/maven2/org/scalameta/scalafmt-config_2.13/3.10.0/scalafmt-config_2.13-3.10.0.pom
Downloaded https://repo1.maven.org/maven2/org/scala-lang/scala-library/2.13.17/scala-library-2.13.17.pom
Downloaded https://repo1.maven.org/maven2/org/scalameta/mdoc-parser_2.13/2.8.0/mdoc-parser_2.13-2.8.0.pom
Downloading https://repo1.maven.org/maven2/org/scalameta/metaconfig-typesafe-config_2.13/0.17.0/metaconfig-typesafe-config_2.13-0.17.0.pom
Downloading https://repo1.maven.org/maven2/org/scalameta/metaconfig-core_2.13/0.17.0/metaconfig-core_2.13-0.17.0.pom
Downloaded https://repo1.maven.org/maven2/org/scalameta/metaconfig-core_2.13/0.17.0/metaconfig-core_2.13-0.17.0.pom
Downloaded https://repo1.maven.org/maven2/org/scalameta/metaconfig-typesafe-config_2.13/0.17.0/metaconfig-typesafe-config_2.13-0.17.0.pom
Downloading https://repo1.maven.org/maven2/org/scalameta/metaconfig-pprint_2.13/0.17.0/metaconfig-pprint_2.13-0.17.0.pom
Downloaded https://repo1.maven.org/maven2/org/scalameta/metaconfig-pprint_2.13/0.17.0/metaconfig-pprint_2.13-0.17.0.pom
Downloading https://repo1.maven.org/maven2/com/lihaoyi/fansi_2.13/0.5.1/fansi_2.13-0.5.1.pom
Downloading https://repo1.maven.org/maven2/org/scala-lang/scala-compiler/2.13.17/scala-compiler-2.13.17.pom
Downloaded https://repo1.maven.org/maven2/com/lihaoyi/fansi_2.13/0.5.1/fansi_2.13-0.5.1.pom
Downloaded https://repo1.maven.org/maven2/org/scala-lang/scala-compiler/2.13.17/scala-compiler-2.13.17.pom
Downloading https://repo1.maven.org/maven2/com/lihaoyi/sourcecode_2.13/0.4.0/sourcecode_2.13-0.4.0.pom
Downloaded https://repo1.maven.org/maven2/com/lihaoyi/sourcecode_2.13/0.4.0/sourcecode_2.13-0.4.0.pom
Downloading https://repo1.maven.org/maven2/org/scalameta/metaconfig-core_2.13/0.17.0/metaconfig-core_2.13-0.17.0.jar
Downloading https://repo1.maven.org/maven2/org/scalameta/scalafmt-macros_2.13/3.10.0/scalafmt-macros_2.13-3.10.0.jar
Downloading https://repo1.maven.org/maven2/org/scalameta/mdoc-parser_2.13/2.8.0/mdoc-parser_2.13-2.8.0.jar
Downloading https://repo1.maven.org/maven2/org/scalameta/metaconfig-typesafe-config_2.13/0.17.0/metaconfig-typesafe-config_2.13-0.17.0.jar
Downloading https://repo1.maven.org/maven2/com/lihaoyi/fansi_2.13/0.5.1/fansi_2.13-0.5.1.jar
Downloading https://repo1.maven.org/maven2/org/scala-lang/scala-compiler/2.13.17/scala-compiler-2.13.17.jar
Downloaded https://repo1.maven.org/maven2/org/scalameta/scalafmt-macros_2.13/3.10.0/scalafmt-macros_2.13-3.10.0.jar
Downloading https://repo1.maven.org/maven2/org/scala-lang/scala-reflect/2.13.17/scala-reflect-2.13.17.jar
Downloaded https://repo1.maven.org/maven2/org/scalameta/mdoc-parser_2.13/2.8.0/mdoc-parser_2.13-2.8.0.jar
Downloading https://repo1.maven.org/maven2/org/scalameta/scalafmt-core_2.13/3.10.0/scalafmt-core_2.13-3.10.0.jar
Downloaded https://repo1.maven.org/maven2/org/scalameta/metaconfig-typesafe-config_2.13/0.17.0/metaconfig-typesafe-config_2.13-0.17.0.jar
Downloading https://repo1.maven.org/maven2/org/scalameta/scalafmt-config_2.13/3.10.0/scalafmt-config_2.13-3.10.0.jar
Downloaded https://repo1.maven.org/maven2/org/scalameta/metaconfig-core_2.13/0.17.0/metaconfig-core_2.13-0.17.0.jar
Downloading https://repo1.maven.org/maven2/org/scala-lang/scala-library/2.13.17/scala-library-2.13.17.jar
Downloaded https://repo1.maven.org/maven2/org/scalameta/scalafmt-config_2.13/3.10.0/scalafmt-config_2.13-3.10.0.jar
Downloading https://repo1.maven.org/maven2/org/scalameta/metaconfig-pprint_2.13/0.17.0/metaconfig-pprint_2.13-0.17.0.jar
Downloaded https://repo1.maven.org/maven2/com/lihaoyi/fansi_2.13/0.5.1/fansi_2.13-0.5.1.jar
Downloaded https://repo1.maven.org/maven2/org/scalameta/metaconfig-pprint_2.13/0.17.0/metaconfig-pprint_2.13-0.17.0.jar
Downloaded https://repo1.maven.org/maven2/org/scala-lang/scala-reflect/2.13.17/scala-reflect-2.13.17.jar
Downloaded https://repo1.maven.org/maven2/org/scalameta/scalafmt-core_2.13/3.10.0/scalafmt-core_2.13-3.10.0.jar
Downloaded https://repo1.maven.org/maven2/org/scala-lang/scala-library/2.13.17/scala-library-2.13.17.jar
Downloaded https://repo1.maven.org/maven2/org/scala-lang/scala-compiler/2.13.17/scala-compiler-2.13.17.jar
2025.12.04 21:01:53 INFO  compiling root (1 scala source)
2025.12.04 21:01:53 INFO  time: compiled root in 0.49s
2025.12.04 21:02:44 INFO  compiling root (1 scala source)
2025.12.04 21:02:44 INFO  time: compiled root in 0.33s
2025.12.04 21:03:28 INFO  compiling root (1 scala source)
2025.12.04 21:03:28 INFO  time: compiled root in 0.19s
2025.12.04 21:03:39 INFO  compiling root (1 scala source)
2025.12.04 21:03:39 INFO  time: compiled root in 0.17s
2025.12.04 21:05:03 INFO  compiling root (1 scala source)
2025.12.04 21:05:03 INFO  time: compiled root in 0.28s
2025.12.04 21:05:33 INFO  compiling root (1 scala source)
2025.12.04 21:05:33 INFO  time: compiled root in 0.2s
2025.12.04 21:05:47 INFO  compiling root (1 scala source)
2025.12.04 21:05:47 INFO  time: compiled root in 0.28s
2025.12.04 21:06:08 INFO  compiling root (1 scala source)
2025.12.04 21:06:08 INFO  time: compiled root in 0.18s
2025.12.04 21:06:18 INFO  compiling root (1 scala source)
2025.12.04 21:06:18 INFO  time: compiled root in 0.15s
2025.12.04 21:06:49 INFO  compiling root (1 scala source)
2025.12.04 21:06:49 INFO  time: compiled root in 0.14s
2025.12.04 21:08:53 INFO  compiling root (1 scala source)
2025.12.04 21:08:53 INFO  time: compiled root in 0.57s
2025.12.04 21:08:58 INFO  compiling root (1 scala source)
2025.12.04 21:08:58 INFO  time: compiled root in 0.23s
Dec 04, 2025 9:09:36 PM org.eclipse.lsp4j.jsonrpc.RemoteEndpoint handleCancellation
WARNING: Unmatched cancel notification for request id 8205
2025.12.04 21:12:48 INFO  compiling root (1 scala source)
2025.12.04 21:12:48 INFO  time: compiled root in 0.59s
2025.12.04 21:12:54 INFO  compiling root (1 scala source)
2025.12.04 21:12:54 INFO  time: compiled root in 0.21s
2025.12.04 21:15:25 INFO  compiling root (1 scala source)
2025.12.04 21:15:25 INFO  time: compiled root in 0.5s
2025.12.04 21:15:27 INFO  Created report: Optional[file:///Users/jakebarnes/Workspace/other-projects/advent-of-code-2025/scala/src/main/scala/daythree/main.scala]
2025.12.04 21:15:27 INFO  empty definition using pc, found symbol in pc:  (full report at: "/Users/jakebarnes/Workspace/other-projects/advent-of-code-2025/scala/.metals/.reports/metals-full/2025-12-04/r_empty-definition_(root)_21-15-27-765.md")
2025.12.04 21:16:20 INFO  compiling root (1 scala source)
2025.12.04 21:16:20 INFO  time: compiled root in 0.28s
2025.12.04 21:18:40 ERROR scalafmt: [3.10.0] /Users/jakebarnes/Workspace/other-projects/advent-of-code-2025/scala/src/main/scala/daythree/main.scala:46: error: [dialect scala3] illegal start of simple expression
  def indexesOfTwoHighest: List[(Value, Index)] = List(
  ^
2025.12.04 21:18:43 ERROR scalafmt: [3.10.0] /Users/jakebarnes/Workspace/other-projects/advent-of-code-2025/scala/src/main/scala/daythree/main.scala:46: error: [dialect scala3] illegal start of simple expression
  def indexesOfTwoHighest: List[(Value, Index)] = List(
  ^
Dec 04, 2025 9:18:51 PM org.eclipse.lsp4j.jsonrpc.RemoteEndpoint handleCancellation
WARNING: Unmatched cancel notification for request id 10960
2025.12.04 21:18:56 ERROR scalafmt: [3.10.0] /Users/jakebarnes/Workspace/other-projects/advent-of-code-2025/scala/src/main/scala/daythree/main.scala:46: error: [dialect scala3] illegal start of simple expression
  def indexesOfTwoHighest: List[(Value, Index)] = List(
  ^
2025.12.04 21:19:01 INFO  compiling root (1 scala source)
2025.12.04 21:19:01 INFO  time: compiled root in 0.7s
2025.12.04 21:19:03 ERROR scalafmt: [3.10.0] /Users/jakebarnes/Workspace/other-projects/advent-of-code-2025/scala/src/main/scala/daythree/main.scala:46: error: [dialect scala3] illegal start of simple expression
  def indexesOfTwoHighest: List[(Value, Index)] = List(
  ^
2025.12.04 21:19:34 ERROR scalafmt: [3.10.0] /Users/jakebarnes/Workspace/other-projects/advent-of-code-2025/scala/src/main/scala/daythree/main.scala:46: error: [dialect scala3] illegal start of simple expression
  def indexesOfTwoHighest: List[(Value, Index)] = List(
  ^
2025.12.04 21:21:37 INFO  compiling root (1 scala source)
2025.12.04 21:21:37 INFO  time: compiled root in 0.62s
2025.12.04 21:22:28 INFO  compiling root (1 scala source)
2025.12.04 21:22:28 INFO  time: compiled root in 0.24s
2025.12.04 21:22:57 INFO  compiling root (1 scala source)
2025.12.04 21:22:57 INFO  time: compiled root in 0.21s
2025.12.04 21:23:52 INFO  compiling root (1 scala source)
2025.12.04 21:23:52 INFO  time: compiled root in 0.18s
2025.12.04 21:25:05 INFO  compiling root (1 scala source)
2025.12.04 21:25:05 INFO  time: compiled root in 0.14s
2025.12.04 21:25:10 INFO  Created report: Optional[file:///Users/jakebarnes/Workspace/other-projects/advent-of-code-2025/scala/src/main/scala/daythree/main.scala]
2025.12.04 21:25:10 INFO  empty definition using pc, found symbol in pc:  (full report at: "/Users/jakebarnes/Workspace/other-projects/advent-of-code-2025/scala/.metals/.reports/metals-full/2025-12-04/r_empty-definition_(root)_21-25-10-794.md")
2025.12.04 21:25:11 INFO  empty definition using pc, found symbol in pc:  (full report at: "/Users/jakebarnes/Workspace/other-projects/advent-of-code-2025/scala/.metals/.reports/metals-full/2025-12-04/r_empty-definition_(root)_21-25-10-794.md")
2025.12.04 21:25:26 INFO  compiling root (1 scala source)
2025.12.04 21:25:26 INFO  time: compiled root in 0.14s
2025.12.04 21:25:41 INFO  compiling root (1 scala source)
2025.12.04 21:25:41 INFO  time: compiled root in 76ms
2025.12.04 21:26:26 INFO  compiling root (1 scala source)
2025.12.04 21:26:26 INFO  time: compiled root in 0.28s
2025.12.04 21:27:38 INFO  compiling root (1 scala source)
2025.12.04 21:27:38 INFO  time: compiled root in 0.22s
2025.12.04 21:28:25 INFO  compiling root (1 scala source)
2025.12.04 21:28:25 INFO  time: compiled root in 0.13s
2025.12.04 21:28:41 INFO  compiling root (1 scala source)
2025.12.04 21:28:41 INFO  time: compiled root in 0.25s
Exception in thread "pool-16-thread-1" java.lang.InterruptedException
	at scala.meta.internal.metals.FutureCancelToken.checkCanceled(FutureCancelToken.scala:29)
	at scala.meta.internal.pc.CompilerAccess.onCompilerJobQueue$$anonfun$1(CompilerAccess.scala:208)
	at scala.meta.internal.pc.CompilerJobQueue$Job.run(CompilerJobQueue.scala:153)
	at java.base/java.util.concurrent.ThreadPoolExecutor.runWorker(ThreadPoolExecutor.java:1144)
	at java.base/java.util.concurrent.ThreadPoolExecutor$Worker.run(ThreadPoolExecutor.java:642)
	at java.base/java.lang.Thread.run(Thread.java:1583)
2025.12.04 21:29:43 INFO  compiling root (1 scala source)
2025.12.04 21:29:43 INFO  time: compiled root in 0.12s
2025.12.04 21:29:48 INFO  compiling root (1 scala source)
2025.12.04 21:29:48 INFO  time: compiled root in 0.15s
2025.12.04 21:31:01 INFO  compiling root (1 scala source)
2025.12.04 21:31:01 INFO  time: compiled root in 0.16s
2025.12.04 21:32:37 INFO  compiling root (1 scala source)
2025.12.04 21:32:37 INFO  time: compiled root in 0.13s
